extension(!,-!)
extension(!,-!)
extension(p_defini(8),-p_defini(8))
extension(p_defini(8),-p_defini(8))
extension(p_defini(8),-p_defini(8))
extension(!,-!)
extension(p_defini(8),-p_defini(8))
extension(p3,-p3)
extension(p3,-p3)
extension(p3,-p3)
extension(p3,-p3)
extension(p3,-p3)
extension(p3,-p3)
reduction(-p_defini(8),p_defini(8))
extension(p_defini(8),-p_defini(8))
extension(-p3,p3)
extension(-p3,p3)
extension(-p3,p3)
extension(-p3,p3)
extension(-p3,p3)
extension(-p3,p3)
reduction(-p_defini(8),p_defini(8))
extension(p_defini(8),-p_defini(8))
extension(p_defini(6),-p_defini(6))
extension(p_defini(6),-p_defini(6))
extension(!,-!)
extension(p_defini(8),-p_defini(8))
extension(p3,-p3)
extension(-p_defini(15),p_defini(15))
extension(p3,-p3)
extension(-p_defini(11),p_defini(11))
extension(p3,-p3)
extension(-p_defini(9),p_defini(9))
extension(p3,-p3)
extension(-p_defini(7),p_defini(7))
reduction(-p_defini(8),p_defini(8))
extension(p3,-p3)
extension(-p_defini(5),p_defini(5))
extension(p3,-p3)
reduction(-p_defini(8),p_defini(8))
extension(p_defini(1),-p_defini(1))
extension(p_defini(1),-p_defini(1))
extension(-p_defini(8),p_defini(8))
reduction(-!,!)
extension(p_defini(8),-p_defini(8))
extension(-p3,p3)
extension(-p_defini(12),p_defini(12))
extension(-p3,p3)
extension(-p_defini(10),p_defini(10))
extension(-p3,p3)
extension(-p_defini(9),p_defini(9))
extension(-p3,p3)
extension(-p_defini(7),p_defini(7))
reduction(-p_defini(8),p_defini(8))
extension(-p3,p3)
extension(-p_defini(4),p_defini(4))
extension(-p3,p3)
reduction(-p_defini(8),p_defini(8))
extension(p_defini(3),-p_defini(3))
extension(p_defini(3),-p_defini(3))
extension(-p_defini(8),p_defini(8))
reduction(-!,!)
extension(p_defini(8),-p_defini(8))
extension(p_defini(6),-p_defini(6))
extension(p_defini(4),-p_defini(4))
extension(p_defini(4),-p_defini(4))
extension(p_defini(6),-p_defini(6))
extension(-p1,p1)
extension(-p1,p1)
extension(-p1,p1)
extension(-p1,p1)
extension(-p1,p1)
extension(-p1,p1)
extension(!,-!)
extension(p_defini(8),-p_defini(8))
extension(p3,-p3)
extension(-p_defini(15),p_defini(15))
extension(-p_defini(16),p_defini(16))
extension(p3,-p3)
extension(-p_defini(11),p_defini(11))
extension(-p_defini(16),p_defini(16))
extension(p3,-p3)
extension(-p_defini(9),p_defini(9))
extension(-p_defini(16),p_defini(16))
extension(p3,-p3)
extension(-p_defini(7),p_defini(7))
reduction(-p_defini(8),p_defini(8))
extension(p_defini(6),-p_defini(6))
extension(p_defini(6),-p_defini(6))
extension(-p_defini(8),p_defini(8))
reduction(-!,!)
extension(p3,-p3)
extension(-p_defini(5),p_defini(5))
extension(-p_defini(6),p_defini(6))
reduction(-p_defini(8),p_defini(8))
extension(p3,-p3)
reduction(-p_defini(8),p_defini(8))
extension(p_defini(1),-p_defini(1))
extension(p2,-p2)
extension(p2,-p2)
extension(p2,-p2)
extension(p2,-p2)
extension(p2,-p2)
extension(p2,-p2)
extension(p2,-p2)
extension(p2,-p2)
extension(p_defini(1),-p_defini(1))
extension(-p1,p1)
extension(-p1,p1)
extension(-p1,p1)
extension(-p1,p1)
extension(-p1,p1)
extension(-p1,p1)
extension(-p_defini(8),p_defini(8))
reduction(-!,!)
extension(p_defini(16),-p_defini(16))
extension(p_defini(16),-p_defini(16))
extension(p_defini(16),-p_defini(16))
extension(p_defini(8),-p_defini(8))
extension(-p3,p3)
extension(-p_defini(12),p_defini(12))
extension(-p_defini(16),p_defini(16))
extension(-p3,p3)
extension(-p_defini(10),p_defini(10))
extension(-p_defini(16),p_defini(16))
extension(-p3,p3)
extension(-p_defini(9),p_defini(9))
extension(-p_defini(16),p_defini(16))
extension(-p3,p3)
extension(-p_defini(7),p_defini(7))
reduction(-p_defini(8),p_defini(8))
extension(p_defini(6),-p_defini(6))
extension(p_defini(6),-p_defini(6))
extension(-p_defini(8),p_defini(8))
reduction(-!,!)
extension(-p3,p3)
extension(-p_defini(4),p_defini(4))
extension(-p_defini(6),p_defini(6))
reduction(-p_defini(8),p_defini(8))
extension(-p3,p3)
reduction(-p_defini(8),p_defini(8))
extension(p_defini(3),-p_defini(3))
extension(-p1,p1)
extension(-p1,p1)
extension(-p1,p1)
extension(-p1,p1)
extension(-p1,p1)
reduction(-p_defini(3),p_defini(3))
extension(-p1,p1)
extension(p_defini(3),-p_defini(3))
extension(p1,-p1)
extension(p1,-p1)
extension(p1,-p1)
extension(p1,-p1)
extension(p1,-p1)
reduction(-p_defini(3),p_defini(3))
extension(p1,-p1)
extension(-p_defini(8),p_defini(8))
reduction(-!,!)
extension(p_defini(16),-p_defini(16))
extension(p_defini(16),-p_defini(16))
extension(p_defini(16),-p_defini(16))
extension(p_defini(8),-p_defini(8))
extension(p_defini(6),-p_defini(6))
extension(p_defini(4),-p_defini(4))
extension(p3,-p3)
extension(p3,-p3)
extension(p3,-p3)
extension(p3,-p3)
extension(p3,-p3)
extension(p3,-p3)
reduction(-p_defini(8),p_defini(8))
extension(p_defini(4),-p_defini(4))
extension(-p2,p2)
extension(-p2,p2)
extension(-p2,p2)
extension(-p2,p2)
extension(-p2,p2)
extension(-p2,p2)
extension(-p2,p2)
extension(-p2,p2)
extension(p_defini(6),-p_defini(6))
extension(-p1,p1)
extension(-p_defini(14),p_defini(14))
extension(-p1,p1)
extension(-p_defini(12),p_defini(12))
extension(-p1,p1)
extension(-p_defini(16),p_defini(16))
extension(-p1,p1)
extension(-p_defini(7),p_defini(7))
extension(-p1,p1)
extension(-p_defini(3),p_defini(3))
reduction(-p_defini(8),p_defini(8))
extension(-p1,p1)
extension(-p_defini(2),p_defini(2))
reduction(-p_defini(8),p_defini(8))
extension(!,-!)
extension(p_defini(8),-p_defini(8))
extension(p3,-p3)
extension(-p_defini(15),p_defini(15))
extension(-p_defini(16),p_defini(16))
extension(p3,-p3)
extension(-p_defini(11),p_defini(11))
extension(-p_defini(16),p_defini(16))
extension(p3,-p3)
extension(-p_defini(9),p_defini(9))
extension(-p_defini(16),p_defini(16))
extension(p3,-p3)
extension(-p_defini(7),p_defini(7))
reduction(-p_defini(8),p_defini(8))
extension(p_defini(6),-p_defini(6))
extension(p_defini(4),-p_defini(4))
extension(p_defini(4),-p_defini(4))
extension(p_defini(6),-p_defini(6))
extension(-p1,p1)
extension(-p1,p1)
extension(-p1,p1)
extension(-p1,p1)
extension(-p1,p1)
extension(-p1,p1)
extension(-p_defini(8),p_defini(8))
reduction(-!,!)
extension(p_defini(16),-p_defini(16))
extension(p_defini(16),-p_defini(16))
extension(p_defini(16),-p_defini(16))
extension(p3,-p3)
extension(-p_defini(5),p_defini(5))
extension(-p_defini(6),p_defini(6))
reduction(-p_defini(8),p_defini(8))
extension(p_defini(7),-p_defini(7))
extension(p_defini(7),-p_defini(7))
extension(p_defini(7),-p_defini(7))
extension(-p_defini(8),p_defini(8))
reduction(-!,!)
extension(p3,-p3)
reduction(-p_defini(8),p_defini(8))
extension(p_defini(1),-p_defini(1))
extension(p2,-p2)
extension(-p_defini(14),p_defini(14))
extension(p2,-p2)
extension(-p_defini(12),p_defini(12))
extension(p2,-p2)
extension(-p_defini(10),p_defini(10))
extension(p2,-p2)
extension(p2,-p2)
extension(p2,-p2)
extension(-p_defini(4),p_defini(4))
extension(p2,-p2)
extension(-p_defini(3),p_defini(3))
extension(p2,-p2)
extension(-p_defini(2),p_defini(2))
extension(p_defini(1),-p_defini(1))
extension(-p1,p1)
extension(-p_defini(14),p_defini(14))
extension(-p1,p1)
extension(-p_defini(12),p_defini(12))
extension(-p1,p1)
extension(-p_defini(16),p_defini(16))
extension(-p1,p1)
extension(-p_defini(7),p_defini(7))
reduction(-p_defini(8),p_defini(8))
extension(-p1,p1)
extension(-p_defini(3),p_defini(3))
extension(-p1,p1)
extension(-p_defini(2),p_defini(2))
extension(-p_defini(8),p_defini(8))
reduction(-!,!)
extension(p_defini(16),-p_defini(16))
extension(p1,-p1)
extension(p1,-p1)
extension(p1,-p1)
reduction(-p_defini(16),p_defini(16))
extension(p1,-p1)
extension(p1,-p1)
extension(p1,-p1)
extension(p_defini(16),-p_defini(16))
extension(-p1,p1)
extension(-p1,p1)
extension(-p1,p1)
reduction(-p_defini(16),p_defini(16))
extension(-p1,p1)
extension(-p1,p1)
extension(-p1,p1)
extension(p_defini(16),-p_defini(16))
extension(p_defini(15),-p_defini(15))
extension(p_defini(15),-p_defini(15))
reduction(-p3,p3)
extension(p_defini(12),-p_defini(12))
extension(p_defini(12),-p_defini(12))
extension(p_defini(12),-p_defini(12))
extension(p_defini(8),-p_defini(8))
extension(-p3,p3)
extension(-p_defini(12),p_defini(12))
extension(-p_defini(16),p_defini(16))
extension(-p3,p3)
extension(-p_defini(10),p_defini(10))
extension(-p_defini(16),p_defini(16))
extension(-p3,p3)
extension(-p_defini(9),p_defini(9))
extension(-p_defini(16),p_defini(16))
extension(-p3,p3)
extension(-p_defini(7),p_defini(7))
reduction(-p_defini(8),p_defini(8))
extension(p_defini(6),-p_defini(6))
extension(p_defini(4),-p_defini(4))
reduction(p3,-p3)
extension(p_defini(5),-p_defini(5))
extension(p_defini(5),-p_defini(5))
extension(p_defini(4),-p_defini(4))
extension(p_defini(6),-p_defini(6))
extension(-p1,p1)
extension(-p1,p1)
extension(-p1,p1)
extension(-p1,p1)
extension(-p1,p1)
extension(-p1,p1)
extension(-p_defini(8),p_defini(8))
reduction(-!,!)
extension(p_defini(16),-p_defini(16))
extension(p_defini(16),-p_defini(16))
extension(p_defini(16),-p_defini(16))
extension(-p3,p3)
extension(-p_defini(4),p_defini(4))
extension(-p_defini(6),p_defini(6))
reduction(-p_defini(8),p_defini(8))
extension(p_defini(7),-p_defini(7))
extension(p_defini(7),-p_defini(7))
extension(p_defini(7),-p_defini(7))
extension(-p_defini(8),p_defini(8))
reduction(-!,!)
extension(-p3,p3)
reduction(-p_defini(8),p_defini(8))
extension(p_defini(3),-p_defini(3))
extension(-p1,p1)
extension(-p_defini(14),p_defini(14))
extension(-p1,p1)
extension(-p_defini(12),p_defini(12))
extension(-p1,p1)
extension(-p_defini(16),p_defini(16))
extension(-p1,p1)
extension(-p_defini(7),p_defini(7))
reduction(-p_defini(8),p_defini(8))
extension(-p1,p1)
reduction(-p_defini(3),p_defini(3))
extension(-p2,p2)
extension(-p2,p2)
extension(-p2,p2)
extension(-p2,p2)
extension(-p2,p2)
extension(-p2,p2)
extension(-p2,p2)
extension(-p2,p2)
extension(-p_defini(3),p_defini(3))
reduction(-p_defini(8),p_defini(8))
reduction(p3,-p3)
extension(-p2,p2)
extension(-p2,p2)
extension(-p2,p2)
extension(-p2,p2)
extension(-p2,p2)
extension(-p2,p2)
extension(-p2,p2)
extension(-p2,p2)
extension(-p1,p1)
extension(-p_defini(2),p_defini(2))
extension(p_defini(3),-p_defini(3))
extension(p1,-p1)
extension(-p_defini(13),p_defini(13))
extension(p1,-p1)
extension(-p_defini(12),p_defini(12))
extension(p1,-p1)
extension(-p_defini(16),p_defini(16))
extension(p1,-p1)
extension(-p_defini(6),p_defini(6))
reduction(-p_defini(8),p_defini(8))
extension(p1,-p1)
reduction(-p_defini(3),p_defini(3))
extension(p2,-p2)
extension(p2,-p2)
extension(p2,-p2)
extension(p2,-p2)
extension(p2,-p2)
extension(p2,-p2)
extension(p2,-p2)
extension(p2,-p2)
extension(-p_defini(3),p_defini(3))
reduction(-p_defini(8),p_defini(8))
reduction(p3,-p3)
extension(p2,-p2)
extension(p2,-p2)
extension(p2,-p2)
extension(p2,-p2)
extension(p2,-p2)
extension(p2,-p2)
extension(p2,-p2)
extension(p2,-p2)
extension(p1,-p1)
extension(-p_defini(1),p_defini(1))
extension(-p_defini(8),p_defini(8))
reduction(-!,!)
extension(p_defini(16),-p_defini(16))
extension(p1,-p1)
extension(p1,-p1)
extension(p1,-p1)
reduction(-p_defini(16),p_defini(16))
extension(p1,-p1)
extension(p1,-p1)
extension(p1,-p1)
extension(p_defini(16),-p_defini(16))
extension(-p1,p1)
extension(-p1,p1)
extension(-p1,p1)
reduction(-p_defini(16),p_defini(16))
extension(-p1,p1)
extension(-p1,p1)
extension(-p1,p1)
extension(p_defini(16),-p_defini(16))
extension(p_defini(15),-p_defini(15))
extension(p_defini(15),-p_defini(15))
extension(p_defini(8),-p_defini(8))
extension(p_defini(6),-p_defini(6))
extension(p_defini(4),-p_defini(4))
extension(p3,-p3)
extension(-p_defini(15),p_defini(15))
extension(p3,-p3)
extension(-p_defini(11),p_defini(11))
extension(p3,-p3)
extension(-p_defini(9),p_defini(9))
extension(p3,-p3)
extension(-p_defini(7),p_defini(7))
extension(p3,-p3)
extension(-p_defini(5),p_defini(5))
extension(p3,-p3)
reduction(-p_defini(8),p_defini(8))
extension(p_defini(1),-p_defini(1))
extension(p_defini(1),-p_defini(1))
extension(-p_defini(8),p_defini(8))
reduction(-!,!)
extension(p_defini(4),-p_defini(4))
extension(-p2,p2)
extension(-p_defini(13),p_defini(13))
extension(-p2,p2)
extension(-p_defini(12),p_defini(12))
extension(-p2,p2)
extension(-p_defini(11),p_defini(11))
extension(-p2,p2)
extension(-p_defini(9),p_defini(9))
extension(-p2,p2)
extension(-p_defini(7),p_defini(7))
extension(-p2,p2)
extension(-p_defini(5),p_defini(5))
extension(-p2,p2)
extension(-p_defini(3),p_defini(3))
reduction(-p_defini(8),p_defini(8))
extension(-p2,p2)
extension(-p_defini(1),p_defini(1))
reduction(-p_defini(8),p_defini(8))
extension(p_defini(6),-p_defini(6))
extension(-p1,p1)
extension(-p_defini(14),p_defini(14))
extension(-p_defini(15),p_defini(15))
extension(-p1,p1)
extension(-p_defini(12),p_defini(12))
extension(-p_defini(16),p_defini(16))
extension(-p1,p1)
extension(-p_defini(16),p_defini(16))
extension(-p1,p1)
extension(-p_defini(7),p_defini(7))
extension(-p1,p1)
extension(-p_defini(3),p_defini(3))
reduction(-p_defini(8),p_defini(8))
extension(p3,-p3)
extension(p3,-p3)
extension(p3,-p3)
extension(p3,-p3)
extension(p3,-p3)
extension(p3,-p3)
reduction(-p_defini(8),p_defini(8))
extension(-p_defini(8),p_defini(8))
reduction(-!,!)
extension(-p1,p1)
extension(-p_defini(2),p_defini(2))
reduction(-p_defini(8),p_defini(8))
extension(-p3,p3)
extension(-p3,p3)
extension(-p3,p3)
extension(-p3,p3)
extension(-p3,p3)
extension(-p3,p3)
reduction(-p_defini(8),p_defini(8))
extension(-p_defini(8),p_defini(8))
reduction(-!,!)
extension(!,-!)
extension(p_defini(8),-p_defini(8))
extension(p3,-p3)
extension(-p_defini(15),p_defini(15))
extension(-p_defini(16),p_defini(16))
extension(p3,-p3)
extension(-p_defini(11),p_defini(11))
extension(-p_defini(16),p_defini(16))
extension(p3,-p3)
extension(-p_defini(9),p_defini(9))
extension(-p_defini(16),p_defini(16))
extension(p3,-p3)
extension(-p_defini(7),p_defini(7))
reduction(-p_defini(8),p_defini(8))
extension(p_defini(6),-p_defini(6))
extension(p_defini(4),-p_defini(4))
extension(p_defini(4),-p_defini(4))
extension(-p2,p2)
extension(-p2,p2)
extension(-p2,p2)
extension(-p2,p2)
extension(-p2,p2)
extension(-p2,p2)
extension(-p2,p2)
extension(-p2,p2)
extension(p_defini(6),-p_defini(6))
extension(-p1,p1)
extension(-p_defini(14),p_defini(14))
extension(-p1,p1)
extension(-p_defini(12),p_defini(12))
extension(-p1,p1)
extension(-p_defini(16),p_defini(16))
extension(-p1,p1)
extension(-p1,p1)
extension(-p_defini(3),p_defini(3))
extension(-p1,p1)
extension(-p_defini(2),p_defini(2))
reduction(-p_defini(8),p_defini(8))
reduction(-p3,p3)
extension(-p_defini(8),p_defini(8))
reduction(-!,!)
extension(p_defini(16),-p_defini(16))
extension(p1,-p1)
extension(p1,-p1)
extension(p1,-p1)
reduction(-p_defini(16),p_defini(16))
extension(p1,-p1)
extension(p1,-p1)
extension(p1,-p1)
extension(p_defini(16),-p_defini(16))
extension(-p1,p1)
extension(-p1,p1)
extension(-p1,p1)
reduction(-p_defini(16),p_defini(16))
extension(-p1,p1)
extension(-p1,p1)
extension(-p1,p1)
extension(p_defini(16),-p_defini(16))
extension(p_defini(15),-p_defini(15))
extension(p_defini(15),-p_defini(15))
reduction(-p3,p3)
extension(p_defini(12),-p_defini(12))
extension(p_defini(12),-p_defini(12))
extension(p_defini(12),-p_defini(12))
extension(p3,-p3)
extension(-p_defini(5),p_defini(5))
extension(-p_defini(6),p_defini(6))
reduction(-p_defini(8),p_defini(8))
extension(p_defini(7),-p_defini(7))
extension(p_defini(7),-p_defini(7))
extension(p2,-p2)
extension(p2,-p2)
extension(p2,-p2)
extension(p2,-p2)
extension(p2,-p2)
extension(p2,-p2)
extension(p2,-p2)
extension(p2,-p2)
extension(p_defini(7),-p_defini(7))
extension(p1,-p1)
extension(p1,-p1)
extension(p1,-p1)
extension(p1,-p1)
extension(p1,-p1)
extension(p1,-p1)
extension(-p_defini(8),p_defini(8))
reduction(-!,!)
extension(p_defini(16),-p_defini(16))
extension(p_defini(16),-p_defini(16))
extension(p_defini(16),-p_defini(16))
extension(p3,-p3)
reduction(-p_defini(8),p_defini(8))
extension(p_defini(1),-p_defini(1))
extension(p2,-p2)
extension(-p_defini(14),p_defini(14))
extension(-p_defini(15),p_defini(15))
extension(p2,-p2)
extension(-p_defini(12),p_defini(12))
extension(-p_defini(16),p_defini(16))
extension(p2,-p2)
extension(-p_defini(10),p_defini(10))
extension(-p_defini(16),p_defini(16))
extension(p2,-p2)
extension(p2,-p2)
extension(p2,-p2)
extension(-p_defini(4),p_defini(4))
extension(-p_defini(6),p_defini(6))
reduction(-p_defini(8),p_defini(8))
extension(p2,-p2)
extension(-p_defini(3),p_defini(3))
extension(p2,-p2)
extension(-p_defini(2),p_defini(2))
extension(p_defini(1),-p_defini(1))
extension(-p1,p1)
extension(-p_defini(14),p_defini(14))
extension(-p_defini(15),p_defini(15))
extension(-p1,p1)
extension(-p_defini(12),p_defini(12))
extension(-p_defini(16),p_defini(16))
extension(-p1,p1)
extension(-p_defini(16),p_defini(16))
extension(-p1,p1)
extension(-p_defini(7),p_defini(7))
reduction(-p_defini(8),p_defini(8))
extension(p_defini(6),-p_defini(6))
extension(p_defini(6),-p_defini(6))
extension(-p_defini(8),p_defini(8))
reduction(-!,!)
extension(-p1,p1)
extension(-p_defini(3),p_defini(3))
extension(-p1,p1)
extension(-p_defini(2),p_defini(2))
extension(-p_defini(8),p_defini(8))
reduction(-!,!)
extension(p_defini(16),-p_defini(16))
extension(p1,-p1)
extension(-p_defini(13),p_defini(13))
extension(p1,-p1)
extension(-p_defini(12),p_defini(12))
reduction(-p_defini(16),p_defini(16))
extension(p1,-p1)
reduction(-p_defini(16),p_defini(16))
extension(p_defini(10),-p_defini(10))
extension(p_defini(10),-p_defini(10))
extension(-p_defini(16),p_defini(16))
extension(p1,-p1)
extension(-p_defini(6),p_defini(6))
extension(p1,-p1)
extension(-p_defini(3),p_defini(3))
extension(p1,-p1)
extension(-p_defini(1),p_defini(1))
extension(p_defini(16),-p_defini(16))
extension(-p1,p1)
extension(-p_defini(14),p_defini(14))
extension(-p1,p1)
extension(-p_defini(12),p_defini(12))
reduction(-p_defini(16),p_defini(16))
extension(-p1,p1)
reduction(-p_defini(16),p_defini(16))
extension(p_defini(9),-p_defini(9))
extension(p_defini(9),-p_defini(9))
extension(-p_defini(16),p_defini(16))
extension(-p1,p1)
extension(-p_defini(7),p_defini(7))
extension(-p1,p1)
extension(-p_defini(3),p_defini(3))
extension(-p1,p1)
extension(-p_defini(2),p_defini(2))
extension(p_defini(16),-p_defini(16))
extension(p_defini(15),-p_defini(15))
extension(p_defini(13),-p_defini(13))
extension(p_defini(13),-p_defini(13))
extension(p_defini(15),-p_defini(15))
reduction(-p3,p3)
extension(p_defini(12),-p_defini(12))
extension(-p1,p1)
extension(-p1,p1)
reduction(-p_defini(12),p_defini(12))
extension(-p1,p1)
reduction(-p_defini(16),p_defini(16))
extension(-p1,p1)
extension(-p1,p1)
extension(-p1,p1)
extension(p_defini(12),-p_defini(12))
extension(p1,-p1)
extension(p1,-p1)
reduction(-p_defini(12),p_defini(12))
extension(p1,-p1)
reduction(-p_defini(16),p_defini(16))
extension(p1,-p1)
extension(p1,-p1)
extension(p1,-p1)
extension(p_defini(12),-p_defini(12))
extension(-p3,p3)
extension(-p3,p3)
extension(-p3,p3)
extension(-p3,p3)
extension(-p3,p3)
extension(-p3,p3)
extension(p_defini(8),-p_defini(8))
extension(-p3,p3)
extension(-p_defini(12),p_defini(12))
extension(-p_defini(16),p_defini(16))
extension(-p3,p3)
extension(-p_defini(10),p_defini(10))
extension(-p_defini(16),p_defini(16))
extension(-p3,p3)
extension(-p_defini(9),p_defini(9))
extension(-p_defini(16),p_defini(16))
extension(-p3,p3)
extension(-p_defini(7),p_defini(7))
reduction(-p_defini(8),p_defini(8))
extension(p_defini(6),-p_defini(6))
extension(p_defini(4),-p_defini(4))
reduction(p3,-p3)
extension(p_defini(5),-p_defini(5))
extension(p2,-p2)
extension(p2,-p2)
extension(p2,-p2)
extension(p2,-p2)
extension(p2,-p2)
extension(p2,-p2)
extension(p2,-p2)
extension(p2,-p2)
extension(p_defini(5),-p_defini(5))
extension(p3,-p3)
extension(p3,-p3)
extension(p3,-p3)
extension(p3,-p3)
extension(p3,-p3)
extension(p3,-p3)
reduction(-p_defini(8),p_defini(8))
extension(p_defini(4),-p_defini(4))
extension(-p2,p2)
extension(-p2,p2)
extension(-p2,p2)
extension(-p2,p2)
extension(-p2,p2)
extension(-p2,p2)
extension(-p2,p2)
extension(-p2,p2)
extension(p_defini(6),-p_defini(6))
extension(-p1,p1)
extension(-p_defini(14),p_defini(14))
extension(-p1,p1)
extension(-p_defini(12),p_defini(12))
extension(-p1,p1)
extension(-p_defini(16),p_defini(16))
extension(-p1,p1)
extension(-p1,p1)
extension(-p_defini(3),p_defini(3))
reduction(-p_defini(8),p_defini(8))
reduction(p3,-p3)
extension(-p2,p2)
extension(-p2,p2)
extension(-p2,p2)
extension(-p2,p2)
extension(-p2,p2)
extension(-p2,p2)
extension(-p2,p2)
extension(-p2,p2)
extension(-p1,p1)
extension(-p_defini(2),p_defini(2))
extension(-p_defini(8),p_defini(8))
reduction(-!,!)
extension(p_defini(16),-p_defini(16))
extension(p1,-p1)
extension(p1,-p1)
extension(p1,-p1)
reduction(-p_defini(16),p_defini(16))
extension(p1,-p1)
extension(p1,-p1)
extension(p1,-p1)
extension(p_defini(16),-p_defini(16))
extension(-p1,p1)
extension(-p1,p1)
extension(-p1,p1)
reduction(-p_defini(16),p_defini(16))
extension(-p1,p1)
extension(-p1,p1)
extension(-p1,p1)
extension(p_defini(16),-p_defini(16))
extension(p_defini(15),-p_defini(15))
extension(p_defini(15),-p_defini(15))
extension(-p3,p3)
extension(-p_defini(4),p_defini(4))
extension(-p_defini(6),p_defini(6))
reduction(-p_defini(8),p_defini(8))
extension(p_defini(7),-p_defini(7))
extension(-p2,p2)
extension(-p2,p2)
extension(-p2,p2)
extension(-p2,p2)
extension(-p2,p2)
extension(-p2,p2)
extension(-p2,p2)
extension(-p2,p2)
extension(p_defini(7),-p_defini(7))
extension(p_defini(7),-p_defini(7))
extension(p1,-p1)
extension(p1,-p1)
extension(p1,-p1)
extension(p1,-p1)
extension(p1,-p1)
extension(p1,-p1)
extension(-p_defini(8),p_defini(8))
reduction(-!,!)
extension(p_defini(16),-p_defini(16))
extension(p_defini(16),-p_defini(16))
extension(p_defini(16),-p_defini(16))
extension(-p3,p3)
reduction(-p_defini(8),p_defini(8))
extension(p_defini(3),-p_defini(3))
extension(-p1,p1)
extension(-p_defini(14),p_defini(14))
extension(-p_defini(15),p_defini(15))
extension(-p1,p1)
extension(-p_defini(12),p_defini(12))
extension(-p_defini(16),p_defini(16))
extension(-p1,p1)
extension(-p_defini(16),p_defini(16))
extension(-p1,p1)
extension(-p_defini(7),p_defini(7))
reduction(-p_defini(8),p_defini(8))
extension(p_defini(6),-p_defini(6))
extension(p_defini(6),-p_defini(6))
extension(-p_defini(8),p_defini(8))
reduction(-!,!)
extension(-p1,p1)
reduction(-p_defini(3),p_defini(3))
extension(-p2,p2)
extension(-p_defini(13),p_defini(13))
extension(-p2,p2)
extension(-p2,p2)
extension(-p_defini(11),p_defini(11))
extension(-p2,p2)
extension(-p2,p2)
extension(-p2,p2)
extension(-p_defini(5),p_defini(5))
extension(-p2,p2)
extension(-p2,p2)
extension(-p_defini(1),p_defini(1))
extension(-p_defini(3),p_defini(3))
reduction(-p_defini(8),p_defini(8))
reduction(p3,-p3)
extension(-p2,p2)
extension(-p_defini(13),p_defini(13))
extension(-p2,p2)
extension(-p2,p2)
extension(-p_defini(11),p_defini(11))
extension(-p2,p2)
extension(-p2,p2)
extension(-p2,p2)
extension(-p_defini(5),p_defini(5))
extension(-p2,p2)
extension(-p2,p2)
extension(-p_defini(1),p_defini(1))
extension(p3,-p3)
extension(p3,-p3)
extension(p3,-p3)
extension(p3,-p3)
extension(p3,-p3)
extension(p3,-p3)
reduction(-p_defini(8),p_defini(8))
extension(-p_defini(8),p_defini(8))
reduction(-!,!)
extension(-p1,p1)
extension(-p_defini(2),p_defini(2))
extension(p_defini(3),-p_defini(3))
extension(p1,-p1)
extension(-p_defini(13),p_defini(13))
extension(-p_defini(15),p_defini(15))
extension(p1,-p1)
extension(-p_defini(12),p_defini(12))
extension(-p_defini(16),p_defini(16))
extension(p1,-p1)
extension(-p_defini(16),p_defini(16))
extension(p1,-p1)
extension(-p_defini(6),p_defini(6))
reduction(-p_defini(8),p_defini(8))
extension(p_defini(7),-p_defini(7))
extension(p_defini(7),-p_defini(7))
extension(p_defini(7),-p_defini(7))
extension(-p_defini(8),p_defini(8))
reduction(-!,!)
extension(p1,-p1)
reduction(-p_defini(3),p_defini(3))
extension(p2,-p2)
extension(-p_defini(14),p_defini(14))
extension(p2,-p2)
extension(p2,-p2)
extension(-p_defini(10),p_defini(10))
extension(p2,-p2)
extension(-p_defini(9),p_defini(9))
extension(p2,-p2)
extension(-p_defini(7),p_defini(7))
reduction(-p_defini(8),p_defini(8))
extension(p2,-p2)
extension(-p_defini(4),p_defini(4))
extension(p2,-p2)
extension(p2,-p2)
extension(-p_defini(2),p_defini(2))
extension(-p_defini(3),p_defini(3))
reduction(-p_defini(8),p_defini(8))
reduction(p3,-p3)
extension(p2,-p2)
extension(-p_defini(14),p_defini(14))
extension(p2,-p2)
extension(p2,-p2)
extension(-p_defini(10),p_defini(10))
extension(p2,-p2)
extension(-p_defini(9),p_defini(9))
extension(p2,-p2)
extension(-p_defini(7),p_defini(7))
reduction(-p_defini(8),p_defini(8))
extension(p2,-p2)
extension(-p_defini(4),p_defini(4))
extension(p2,-p2)
extension(p2,-p2)
extension(-p_defini(2),p_defini(2))
extension(p3,-p3)
extension(p3,-p3)
extension(p3,-p3)
extension(p3,-p3)
extension(p3,-p3)
extension(p3,-p3)
reduction(-p_defini(8),p_defini(8))
extension(-p_defini(8),p_defini(8))
reduction(-!,!)
extension(p1,-p1)
extension(-p_defini(1),p_defini(1))
extension(-p_defini(8),p_defini(8))
reduction(-!,!)
extension(p_defini(16),-p_defini(16))
extension(p1,-p1)
extension(-p_defini(13),p_defini(13))
extension(p1,-p1)
extension(-p_defini(12),p_defini(12))
reduction(-p_defini(16),p_defini(16))
extension(p1,-p1)
reduction(-p_defini(16),p_defini(16))
extension(p_defini(10),-p_defini(10))
reduction(p3,-p3)
extension(p_defini(11),-p_defini(11))
extension(p_defini(11),-p_defini(11))
extension(p_defini(10),-p_defini(10))
extension(-p_defini(16),p_defini(16))
extension(p1,-p1)
extension(-p_defini(6),p_defini(6))
extension(p1,-p1)
extension(-p_defini(3),p_defini(3))
extension(p1,-p1)
extension(-p_defini(1),p_defini(1))
extension(p_defini(16),-p_defini(16))
extension(-p1,p1)
extension(-p_defini(14),p_defini(14))
extension(-p1,p1)
extension(-p_defini(12),p_defini(12))
reduction(-p_defini(16),p_defini(16))
extension(-p1,p1)
reduction(-p_defini(16),p_defini(16))
extension(p_defini(9),-p_defini(9))
extension(p_defini(9),-p_defini(9))
extension(-p_defini(16),p_defini(16))
extension(-p1,p1)
extension(-p_defini(7),p_defini(7))
extension(-p1,p1)
extension(-p_defini(3),p_defini(3))
extension(-p1,p1)
extension(-p_defini(2),p_defini(2))
extension(p_defini(16),-p_defini(16))
extension(p_defini(15),-p_defini(15))
extension(p_defini(13),-p_defini(13))
extension(p_defini(13),-p_defini(13))
extension(p_defini(15),-p_defini(15))
extension(p_defini(8),-p_defini(8))
extension(p_defini(6),-p_defini(6))
extension(p_defini(4),-p_defini(4))
extension(p3,-p3)
extension(-p_defini(15),p_defini(15))
extension(-p_defini(16),p_defini(16))
extension(p3,-p3)
extension(-p_defini(11),p_defini(11))
extension(-p_defini(16),p_defini(16))
extension(p3,-p3)
extension(-p_defini(9),p_defini(9))
extension(-p_defini(16),p_defini(16))
extension(p3,-p3)
extension(-p_defini(7),p_defini(7))
extension(p3,-p3)
extension(-p_defini(5),p_defini(5))
extension(p3,-p3)
reduction(-p_defini(8),p_defini(8))
extension(p_defini(1),-p_defini(1))
extension(p2,-p2)
extension(p2,-p2)
extension(p2,-p2)
extension(p2,-p2)
extension(p2,-p2)
extension(p2,-p2)
reduction(-p_defini(4),p_defini(4))
extension(p_defini(2),-p_defini(2))
extension(p1,-p1)
extension(p1,-p1)
extension(p1,-p1)
extension(p1,-p1)
reduction(-p_defini(6),p_defini(6))
extension(p_defini(5),-p_defini(5))
extension(p2,-p2)
extension(-p_defini(14),p_defini(14))
extension(-p_defini(15),p_defini(15))
extension(p2,-p2)
extension(-p_defini(12),p_defini(12))
extension(-p_defini(16),p_defini(16))
extension(p2,-p2)
extension(-p_defini(10),p_defini(10))
extension(-p_defini(16),p_defini(16))
extension(p2,-p2)
extension(-p_defini(9),p_defini(9))
extension(-p_defini(16),p_defini(16))
extension(p2,-p2)
extension(-p_defini(7),p_defini(7))
extension(p2,-p2)
extension(-p_defini(4),p_defini(4))
extension(p2,-p2)
extension(-p_defini(3),p_defini(3))
reduction(-p_defini(8),p_defini(8))
extension(p3,-p3)
extension(p3,-p3)
extension(p3,-p3)
extension(p3,-p3)
extension(p3,-p3)
reduction(-p_defini(5),p_defini(5))
extension(p1,-p1)
extension(-p_defini(13),p_defini(13))
extension(p1,-p1)
extension(p1,-p1)
extension(-p_defini(16),p_defini(16))
extension(p1,-p1)
reduction(-p_defini(6),p_defini(6))
extension(p_defini(7),-p_defini(7))
extension(-p2,p2)
extension(-p_defini(13),p_defini(13))
extension(-p_defini(15),p_defini(15))
extension(-p_defini(16),p_defini(16))
extension(-p2,p2)
extension(-p_defini(12),p_defini(12))
extension(-p_defini(16),p_defini(16))
extension(-p2,p2)
extension(-p_defini(11),p_defini(11))
extension(-p_defini(16),p_defini(16))
extension(-p2,p2)
extension(-p_defini(9),p_defini(9))
extension(-p_defini(16),p_defini(16))
extension(-p2,p2)
reduction(-p_defini(7),p_defini(7))
extension(-p3,p3)
extension(-p_defini(12),p_defini(12))
extension(-p_defini(16),p_defini(16))
extension(-p3,p3)
extension(-p_defini(10),p_defini(10))
extension(-p_defini(16),p_defini(16))
extension(-p3,p3)
extension(-p3,p3)
extension(-p3,p3)
extension(-p_defini(4),p_defini(4))
extension(-p_defini(6),p_defini(6))
extension(-p3,p3)
reduction(-p_defini(8),p_defini(8))
extension(p_defini(3),-p_defini(3))
extension(-p1,p1)
extension(-p1,p1)
extension(-p1,p1)
extension(-p1,p1)
reduction(-p_defini(7),p_defini(7))
reduction(p2,-p2)
extension(p3,-p3)
extension(-p_defini(15),p_defini(15))
extension(-p_defini(16),p_defini(16))
extension(p3,-p3)
extension(-p_defini(11),p_defini(11))
extension(-p_defini(16),p_defini(16))
extension(p3,-p3)
extension(-p_defini(9),p_defini(9))
extension(-p_defini(16),p_defini(16))
extension(p3,-p3)
reduction(-p_defini(7),p_defini(7))
extension(p2,-p2)
extension(-p_defini(14),p_defini(14))
extension(-p_defini(15),p_defini(15))
extension(p2,-p2)
extension(-p_defini(12),p_defini(12))
extension(-p_defini(16),p_defini(16))
extension(p2,-p2)
extension(-p_defini(10),p_defini(10))
extension(-p_defini(16),p_defini(16))
extension(p2,-p2)
extension(p2,-p2)
extension(p2,-p2)
extension(-p_defini(4),p_defini(4))
extension(-p_defini(6),p_defini(6))
extension(p2,-p2)
extension(-p_defini(3),p_defini(3))
extension(p2,-p2)
extension(-p_defini(2),p_defini(2))
reduction(-p_defini(8),p_defini(8))
reduction(-p3,p3)
extension(p_defini(1),-p_defini(1))
extension(p_defini(1),-p_defini(1))
extension(-p3,p3)
extension(-p3,p3)
extension(-p3,p3)
extension(-p3,p3)
reduction(-p_defini(7),p_defini(7))
reduction(-p2,p2)
extension(p_defini(1),-p_defini(1))
extension(p_defini(1),-p_defini(1))
extension(-p3,p3)
extension(-p3,p3)
reduction(-p_defini(8),p_defini(8))
extension(-p_defini(8),p_defini(8))
reduction(-!,!)
extension(-p_defini(7),p_defini(7))
reduction(-p_defini(8),p_defini(8))
extension(p_defini(6),-p_defini(6))
extension(p_defini(4),-p_defini(4))
extension(p_defini(4),-p_defini(4))
extension(p_defini(6),-p_defini(6))
extension(-p1,p1)
extension(-p1,p1)
extension(-p1,p1)
extension(-p1,p1)
extension(-p1,p1)
extension(-p1,p1)
extension(-p_defini(8),p_defini(8))
reduction(-!,!)
extension(p_defini(16),-p_defini(16))
extension(p_defini(16),-p_defini(16))
extension(p_defini(16),-p_defini(16))
extension(p3,-p3)
extension(-p_defini(5),p_defini(5))
extension(-p_defini(6),p_defini(6))
extension(p3,-p3)
reduction(-p_defini(8),p_defini(8))
extension(p_defini(1),-p_defini(1))
extension(p2,-p2)
extension(-p_defini(14),p_defini(14))
extension(p2,-p2)
extension(-p_defini(12),p_defini(12))
extension(p2,-p2)
extension(-p_defini(10),p_defini(10))
extension(p2,-p2)
extension(p2,-p2)
extension(p2,-p2)
extension(-p_defini(4),p_defini(4))
extension(p2,-p2)
extension(-p_defini(3),p_defini(3))
extension(p2,-p2)
extension(-p_defini(2),p_defini(2))
extension(p_defini(1),-p_defini(1))
extension(-p1,p1)
extension(-p_defini(14),p_defini(14))
extension(-p1,p1)
extension(-p_defini(12),p_defini(12))
extension(-p1,p1)
extension(-p_defini(16),p_defini(16))
extension(-p1,p1)
reduction(-p_defini(7),p_defini(7))
extension(p_defini(2),-p_defini(2))
extension(p1,-p1)
extension(-p_defini(13),p_defini(13))
extension(p1,-p1)
extension(-p_defini(12),p_defini(12))
extension(p1,-p1)
extension(-p_defini(16),p_defini(16))
extension(p1,-p1)
extension(-p_defini(6),p_defini(6))
extension(p1,-p1)
extension(-p_defini(3),p_defini(3))
extension(p1,-p1)
extension(-p_defini(1),p_defini(1))
extension(p_defini(2),-p_defini(2))
extension(-p2,p2)
extension(-p_defini(13),p_defini(13))
extension(-p2,p2)
extension(-p_defini(12),p_defini(12))
extension(-p2,p2)
extension(-p_defini(11),p_defini(11))
extension(-p2,p2)
extension(-p_defini(9),p_defini(9))
extension(-p2,p2)
reduction(-p_defini(7),p_defini(7))
reduction(-p3,p3)
extension(p_defini(16),-p_defini(16))
extension(p1,-p1)
extension(-p_defini(13),p_defini(13))
extension(-p_defini(15),p_defini(15))
reduction(-p_defini(16),p_defini(16))
extension(p_defini(12),-p_defini(12))
reduction(-p1,p1)
extension(p2,-p2)
extension(p2,-p2)
extension(p2,-p2)
extension(p2,-p2)
extension(p2,-p2)
extension(p2,-p2)
extension(p2,-p2)
extension(p2,-p2)
extension(-p1,p1)
extension(-p1,p1)
reduction(-p_defini(12),p_defini(12))
extension(-p1,p1)
reduction(-p_defini(16),p_defini(16))
extension(-p1,p1)
extension(-p1,p1)
extension(-p1,p1)
extension(p_defini(12),-p_defini(12))
extension(p_defini(12),-p_defini(12))
extension(p3,-p3)
extension(p3,-p3)
extension(p3,-p3)
extension(p3,-p3)
extension(p3,-p3)
extension(p3,-p3)
extension(-p_defini(16),p_defini(16))
reduction(-!,!)
extension(p_defini(8),-p_defini(8))
extension(p_defini(8),-p_defini(8))
extension(p_defini(8),-p_defini(8))
extension(p1,-p1)
extension(-p_defini(12),p_defini(12))
reduction(-p_defini(16),p_defini(16))
extension(p_defini(15),-p_defini(15))
extension(p_defini(13),-p_defini(13))
extension(p2,-p2)
extension(p2,-p2)
extension(p2,-p2)
extension(p2,-p2)
extension(p2,-p2)
extension(p2,-p2)
extension(p2,-p2)
extension(p2,-p2)
extension(p_defini(13),-p_defini(13))
reduction(-p1,p1)
extension(p_defini(14),-p_defini(14))
extension(p_defini(14),-p_defini(14))
extension(-p2,p2)
extension(-p2,p2)
extension(-p2,p2)
extension(-p2,p2)
extension(-p2,p2)
extension(-p2,p2)
extension(-p2,p2)
extension(-p2,p2)
extension(-p1,p1)
extension(-p1,p1)
extension(-p1,p1)
reduction(-p_defini(16),p_defini(16))
extension(-p1,p1)
extension(-p1,p1)
extension(-p1,p1)
extension(p_defini(15),-p_defini(15))
extension(-p3,p3)
extension(-p3,p3)
extension(-p_defini(10),p_defini(10))
reduction(-p_defini(16),p_defini(16))
reduction(-p1,p1)
extension(-p3,p3)
extension(-p_defini(9),p_defini(9))
extension(-p3,p3)
extension(-p_defini(7),p_defini(7))
extension(-p3,p3)
extension(-p_defini(4),p_defini(4))
extension(-p3,p3)
extension(-p_defini(8),p_defini(8))
extension(-p_defini(16),p_defini(16))
reduction(-!,!)
extension(p_defini(8),-p_defini(8))
extension(p3,-p3)
extension(p3,-p3)
extension(p3,-p3)
extension(p3,-p3)
extension(p3,-p3)
extension(p3,-p3)
reduction(-p_defini(8),p_defini(8))
extension(p_defini(8),-p_defini(8))
extension(-p3,p3)
extension(-p3,p3)
extension(-p3,p3)
extension(-p3,p3)
extension(-p3,p3)
extension(-p3,p3)
reduction(-p_defini(8),p_defini(8))
extension(p_defini(8),-p_defini(8))
extension(p_defini(6),-p_defini(6))
extension(p_defini(6),-p_defini(6))
reduction(-p1,p1)
extension(p_defini(7),-p_defini(7))
extension(p_defini(7),-p_defini(7))
extension(p_defini(7),-p_defini(7))
extension(p1,-p1)
reduction(-p_defini(16),p_defini(16))
extension(p_defini(10),-p_defini(10))
extension(p3,-p3)
extension(-p_defini(15),p_defini(15))
reduction(-p_defini(16),p_defini(16))
extension(p_defini(12),-p_defini(12))
reduction(-p1,p1)
extension(p_defini(12),-p_defini(12))
extension(p_defini(12),-p_defini(12))
extension(-p_defini(16),p_defini(16))
reduction(-!,!)
extension(p3,-p3)
extension(-p_defini(11),p_defini(11))
extension(p3,-p3)
extension(-p_defini(9),p_defini(9))
extension(p3,-p3)
extension(-p_defini(7),p_defini(7))
extension(-p_defini(8),p_defini(8))
extension(p3,-p3)
extension(-p_defini(5),p_defini(5))
extension(-p_defini(6),p_defini(6))
extension(p3,-p3)
extension(-p_defini(8),p_defini(8))
extension(p_defini(10),-p_defini(10))
extension(-p2,p2)
extension(-p_defini(13),p_defini(13))
extension(-p_defini(15),p_defini(15))
reduction(-p_defini(16),p_defini(16))
extension(-p2,p2)
extension(-p_defini(12),p_defini(12))
reduction(-p_defini(16),p_defini(16))
extension(p_defini(15),-p_defini(15))
extension(p_defini(15),-p_defini(15))
extension(-p_defini(16),p_defini(16))
reduction(-!,!)
extension(-p2,p2)
extension(-p_defini(11),p_defini(11))
extension(-p2,p2)
extension(-p_defini(9),p_defini(9))
extension(-p2,p2)
extension(-p_defini(7),p_defini(7))
extension(-p_defini(8),p_defini(8))
extension(-p2,p2)
extension(-p_defini(5),p_defini(5))
extension(-p_defini(6),p_defini(6))
extension(-p2,p2)
extension(-p_defini(3),p_defini(3))
extension(-p_defini(8),p_defini(8))
extension(-p2,p2)
extension(-p_defini(1),p_defini(1))
extension(-p_defini(8),p_defini(8))
extension(-p_defini(16),p_defini(16))
reduction(-!,!)
extension(p_defini(8),-p_defini(8))
extension(p3,-p3)
extension(-p_defini(15),p_defini(15))
extension(p3,-p3)
extension(-p_defini(11),p_defini(11))
extension(p3,-p3)
extension(-p_defini(9),p_defini(9))
extension(p3,-p3)
extension(-p_defini(7),p_defini(7))
reduction(-p_defini(8),p_defini(8))
extension(p3,-p3)
extension(-p_defini(5),p_defini(5))
extension(p3,-p3)
reduction(-p_defini(8),p_defini(8))
extension(p_defini(1),-p_defini(1))
extension(p_defini(1),-p_defini(1))
reduction(-p1,p1)
extension(p_defini(2),-p_defini(2))
extension(p_defini(2),-p_defini(2))
extension(-p_defini(8),p_defini(8))
extension(p_defini(8),-p_defini(8))
extension(-p3,p3)
extension(-p_defini(12),p_defini(12))
extension(-p3,p3)
extension(-p_defini(10),p_defini(10))
extension(-p3,p3)
extension(-p_defini(9),p_defini(9))
extension(-p3,p3)
extension(-p_defini(7),p_defini(7))
reduction(-p_defini(8),p_defini(8))
extension(-p3,p3)
extension(-p_defini(4),p_defini(4))
extension(-p3,p3)
reduction(-p_defini(8),p_defini(8))
extension(p_defini(3),-p_defini(3))
reduction(-p1,p1)
extension(p_defini(3),-p_defini(3))
extension(-p_defini(8),p_defini(8))
extension(p_defini(8),-p_defini(8))
extension(p_defini(6),-p_defini(6))
extension(p_defini(4),-p_defini(4))
extension(p_defini(4),-p_defini(4))
extension(p_defini(6),-p_defini(6))
reduction(-p1,p1)
extension(p_defini(7),-p_defini(7))
extension(-p2,p2)
extension(-p2,p2)
extension(-p2,p2)
extension(-p2,p2)
extension(-p2,p2)
reduction(-p_defini(7),p_defini(7))
extension(-p2,p2)
extension(-p2,p2)
extension(-p2,p2)
extension(p_defini(7),-p_defini(7))
extension(p2,-p2)
extension(p2,-p2)
extension(p2,-p2)
extension(p2,-p2)
extension(p2,-p2)
reduction(-p_defini(7),p_defini(7))
extension(p2,-p2)
extension(p2,-p2)
extension(p2,-p2)
extension(p_defini(7),-p_defini(7))
extension(-p1,p1)
extension(-p1,p1)
extension(-p1,p1)
extension(-p1,p1)
extension(-p1,p1)
extension(-p1,p1)
extension(p1,-p1)
extension(-p_defini(6),p_defini(6))
extension(-p_defini(8),p_defini(8))
extension(p1,-p1)
extension(-p_defini(3),p_defini(3))
extension(-p_defini(8),p_defini(8))
extension(p1,-p1)
extension(-p_defini(1),p_defini(1))
extension(-p_defini(8),p_defini(8))
extension(p_defini(16),-p_defini(16))
extension(-p1,p1)
extension(-p_defini(14),p_defini(14))
extension(-p_defini(15),p_defini(15))
reduction(-p_defini(16),p_defini(16))
extension(p_defini(12),-p_defini(12))
extension(p_defini(12),-p_defini(12))
reduction(p1,-p1)
extension(-p2,p2)
extension(-p2,p2)
extension(-p2,p2)
extension(-p2,p2)
extension(-p2,p2)
extension(-p2,p2)
extension(-p2,p2)
extension(-p2,p2)
extension(p1,-p1)
extension(p1,-p1)
reduction(-p_defini(12),p_defini(12))
extension(p1,-p1)
reduction(-p_defini(16),p_defini(16))
extension(p1,-p1)
extension(p1,-p1)
extension(p1,-p1)
extension(p_defini(12),-p_defini(12))
extension(p3,-p3)
extension(p3,-p3)
extension(p3,-p3)
extension(p3,-p3)
extension(p3,-p3)
extension(p3,-p3)
extension(-p_defini(16),p_defini(16))
reduction(-!,!)
extension(p_defini(8),-p_defini(8))
extension(p_defini(8),-p_defini(8))
extension(p_defini(8),-p_defini(8))
extension(-p1,p1)
extension(-p_defini(12),p_defini(12))
reduction(-p_defini(16),p_defini(16))
extension(p_defini(15),-p_defini(15))
extension(p_defini(13),-p_defini(13))
extension(p2,-p2)
extension(p2,-p2)
extension(p2,-p2)
extension(p2,-p2)
extension(p2,-p2)
extension(p2,-p2)
extension(p2,-p2)
extension(p2,-p2)
extension(p_defini(13),-p_defini(13))
extension(p_defini(15),-p_defini(15))
extension(-p3,p3)
extension(-p3,p3)
extension(-p_defini(10),p_defini(10))
extension(-p3,p3)
extension(-p_defini(9),p_defini(9))
reduction(-p_defini(16),p_defini(16))
reduction(p1,-p1)
extension(-p2,p2)
extension(-p2,p2)
extension(-p2,p2)
extension(-p2,p2)
extension(-p2,p2)
extension(-p2,p2)
extension(-p2,p2)
extension(-p2,p2)
extension(-p3,p3)
extension(-p_defini(7),p_defini(7))
extension(-p3,p3)
extension(-p_defini(4),p_defini(4))
extension(-p3,p3)
extension(-p_defini(8),p_defini(8))
extension(-p_defini(16),p_defini(16))
reduction(-!,!)
extension(p_defini(8),-p_defini(8))
extension(p3,-p3)
extension(p3,-p3)
extension(p3,-p3)
extension(p3,-p3)
extension(p3,-p3)
extension(p3,-p3)
reduction(-p_defini(8),p_defini(8))
extension(p_defini(8),-p_defini(8))
extension(-p3,p3)
extension(-p3,p3)
extension(-p3,p3)
extension(-p3,p3)
extension(-p3,p3)
extension(-p3,p3)
reduction(-p_defini(8),p_defini(8))
extension(p_defini(8),-p_defini(8))
extension(p_defini(6),-p_defini(6))
extension(p_defini(6),-p_defini(6))
extension(-p1,p1)
reduction(-p_defini(16),p_defini(16))
extension(p_defini(9),-p_defini(9))
extension(-p2,p2)
extension(-p_defini(13),p_defini(13))
extension(-p_defini(15),p_defini(15))
reduction(-p_defini(16),p_defini(16))
extension(-p2,p2)
extension(-p2,p2)
extension(-p_defini(11),p_defini(11))
extension(-p2,p2)
reduction(-p_defini(9),p_defini(9))
extension(-p3,p3)
extension(-p_defini(12),p_defini(12))
reduction(-p_defini(16),p_defini(16))
extension(-p3,p3)
extension(-p_defini(10),p_defini(10))
extension(-p3,p3)
extension(-p3,p3)
extension(-p3,p3)
extension(-p_defini(4),p_defini(4))
extension(-p3,p3)
extension(-p_defini(8),p_defini(8))
extension(-p_defini(9),p_defini(9))
reduction(-p_defini(16),p_defini(16))
reduction(p1,-p1)
extension(-p3,p3)
extension(-p_defini(12),p_defini(12))
reduction(-p_defini(16),p_defini(16))
extension(-p3,p3)
extension(-p_defini(10),p_defini(10))
extension(-p3,p3)
extension(-p3,p3)
extension(-p3,p3)
extension(-p_defini(4),p_defini(4))
extension(-p3,p3)
extension(-p_defini(8),p_defini(8))
extension(p1,-p1)
extension(p1,-p1)
extension(p1,-p1)
reduction(-p_defini(16),p_defini(16))
extension(p1,-p1)
extension(p1,-p1)
extension(p1,-p1)
extension(-p_defini(16),p_defini(16))
reduction(-!,!)
extension(-p2,p2)
extension(-p_defini(7),p_defini(7))
extension(-p_defini(8),p_defini(8))
extension(-p2,p2)
extension(-p_defini(5),p_defini(5))
extension(-p_defini(6),p_defini(6))
extension(-p2,p2)
extension(-p2,p2)
extension(-p_defini(1),p_defini(1))
extension(-p_defini(8),p_defini(8))
extension(p_defini(9),-p_defini(9))
extension(p2,-p2)
extension(-p_defini(14),p_defini(14))
extension(-p_defini(15),p_defini(15))
reduction(-p_defini(16),p_defini(16))
extension(p2,-p2)
extension(-p_defini(12),p_defini(12))
reduction(-p_defini(16),p_defini(16))
extension(p_defini(15),-p_defini(15))
extension(p_defini(15),-p_defini(15))
extension(-p_defini(16),p_defini(16))
reduction(-!,!)
extension(p2,-p2)
extension(-p_defini(10),p_defini(10))
extension(p2,-p2)
reduction(-p_defini(9),p_defini(9))
extension(p3,-p3)
extension(-p_defini(15),p_defini(15))
reduction(-p_defini(16),p_defini(16))
extension(p3,-p3)
extension(-p_defini(11),p_defini(11))
extension(p3,-p3)
extension(p3,-p3)
extension(p3,-p3)
extension(-p_defini(5),p_defini(5))
extension(p3,-p3)
extension(-p_defini(8),p_defini(8))
extension(-p_defini(9),p_defini(9))
reduction(-p_defini(16),p_defini(16))
reduction(p1,-p1)
extension(p3,-p3)
extension(-p_defini(15),p_defini(15))
reduction(-p_defini(16),p_defini(16))
extension(p3,-p3)
extension(-p_defini(11),p_defini(11))
extension(p3,-p3)
extension(p3,-p3)
extension(p3,-p3)
extension(-p_defini(5),p_defini(5))
extension(p3,-p3)
extension(-p_defini(8),p_defini(8))
extension(p1,-p1)
extension(p1,-p1)
extension(p1,-p1)
reduction(-p_defini(16),p_defini(16))
extension(p1,-p1)
extension(p1,-p1)
extension(p1,-p1)
extension(-p_defini(16),p_defini(16))
reduction(-!,!)
extension(p2,-p2)
extension(-p_defini(7),p_defini(7))
extension(-p_defini(8),p_defini(8))
extension(p2,-p2)
extension(-p_defini(4),p_defini(4))
extension(-p_defini(6),p_defini(6))
extension(p2,-p2)
extension(-p_defini(3),p_defini(3))
extension(-p_defini(8),p_defini(8))
extension(p2,-p2)
extension(-p_defini(2),p_defini(2))
extension(-p_defini(8),p_defini(8))
extension(-p_defini(16),p_defini(16))
reduction(-!,!)
extension(p_defini(8),-p_defini(8))
extension(p3,-p3)
extension(-p_defini(15),p_defini(15))
extension(p3,-p3)
extension(-p_defini(11),p_defini(11))
extension(p3,-p3)
extension(-p_defini(9),p_defini(9))
extension(p3,-p3)
extension(-p_defini(7),p_defini(7))
reduction(-p_defini(8),p_defini(8))
extension(p3,-p3)
extension(-p_defini(5),p_defini(5))
extension(p3,-p3)
reduction(-p_defini(8),p_defini(8))
extension(p_defini(1),-p_defini(1))
extension(p_defini(1),-p_defini(1))
extension(-p_defini(8),p_defini(8))
extension(p_defini(8),-p_defini(8))
extension(-p3,p3)
extension(-p_defini(12),p_defini(12))
extension(-p3,p3)
extension(-p_defini(10),p_defini(10))
extension(-p3,p3)
extension(-p_defini(9),p_defini(9))
extension(-p3,p3)
extension(-p_defini(7),p_defini(7))
reduction(-p_defini(8),p_defini(8))
extension(-p3,p3)
extension(-p_defini(4),p_defini(4))
extension(-p3,p3)
reduction(-p_defini(8),p_defini(8))
extension(p_defini(3),-p_defini(3))
extension(p_defini(3),-p_defini(3))
reduction(p1,-p1)
extension(-p_defini(8),p_defini(8))
extension(p_defini(8),-p_defini(8))
extension(p_defini(6),-p_defini(6))
extension(p_defini(4),-p_defini(4))
extension(p_defini(4),-p_defini(4))
extension(p_defini(6),-p_defini(6))
extension(-p1,p1)
extension(-p_defini(7),p_defini(7))
extension(-p_defini(8),p_defini(8))
extension(-p1,p1)
extension(-p_defini(3),p_defini(3))
extension(-p_defini(8),p_defini(8))
extension(-p1,p1)
extension(-p_defini(2),p_defini(2))
extension(-p_defini(8),p_defini(8))
extension(p_defini(16),-p_defini(16))
extension(p_defini(15),-p_defini(15))
extension(p_defini(13),-p_defini(13))
extension(p2,-p2)
extension(-p_defini(14),p_defini(14))
extension(p2,-p2)
extension(-p_defini(12),p_defini(12))
extension(p2,-p2)
extension(-p_defini(10),p_defini(10))
reduction(-p_defini(16),p_defini(16))
extension(-p1,p1)
extension(-p1,p1)
extension(-p1,p1)
reduction(-p_defini(16),p_defini(16))
extension(-p1,p1)
extension(-p1,p1)
extension(-p1,p1)
extension(-p_defini(16),p_defini(16))
reduction(-!,!)
extension(p2,-p2)
extension(-p_defini(9),p_defini(9))
reduction(-p_defini(16),p_defini(16))
extension(p1,-p1)
reduction(-p_defini(13),p_defini(13))
extension(p3,-p3)
reduction(-p_defini(15),p_defini(15))
extension(p_defini(14),-p_defini(14))
extension(p1,-p1)
extension(-p_defini(13),p_defini(13))
extension(p1,-p1)
extension(-p_defini(12),p_defini(12))
extension(p1,-p1)
reduction(-p_defini(16),p_defini(16))
extension(p_defini(10),-p_defini(10))
extension(p3,-p3)
reduction(-p_defini(15),p_defini(15))
extension(p_defini(11),-p_defini(11))
extension(p2,-p2)
reduction(-p_defini(14),p_defini(14))
extension(p_defini(12),-p_defini(12))
extension(-p1,p1)
extension(-p_defini(14),p_defini(14))
extension(-p_defini(15),p_defini(15))
extension(-p1,p1)
reduction(-p_defini(12),p_defini(12))
extension(-p2,p2)
extension(-p_defini(13),p_defini(13))
extension(-p_defini(15),p_defini(15))
extension(-p2,p2)
extension(-p2,p2)
extension(-p_defini(11),p_defini(11))
extension(-p2,p2)
extension(-p_defini(9),p_defini(9))
reduction(-p_defini(16),p_defini(16))
reduction(p1,-p1)
extension(-p3,p3)
reduction(-p_defini(12),p_defini(12))
extension(p2,-p2)
extension(-p_defini(14),p_defini(14))
extension(-p_defini(15),p_defini(15))
extension(p2,-p2)
reduction(-p_defini(12),p_defini(12))
extension(p1,-p1)
extension(-p_defini(13),p_defini(13))
extension(-p_defini(15),p_defini(15))
extension(p1,-p1)
extension(p1,-p1)
reduction(-p_defini(16),p_defini(16))
extension(p_defini(10),-p_defini(10))
extension(p3,-p3)
extension(p3,-p3)
extension(p3,-p3)
extension(p3,-p3)
extension(p3,-p3)
extension(p3,-p3)
extension(p_defini(10),-p_defini(10))
reduction(-p2,p2)
extension(p_defini(11),-p_defini(11))
extension(p_defini(11),-p_defini(11))
extension(-p3,p3)
reduction(-p_defini(12),p_defini(12))
successful_connections:1769
0.040846
../../conjectures/TPTP-v3.3.0_SYN_noeq_cnf/SYN393+1.cnf is a Theorem
